<?xml version="1.0" encoding="UTF-8"?>
<testsuite name="edu.isu.coms.graphit.GraphItApplicationTests" tests="1" skipped="0" failures="0" errors="0" timestamp="2015-11-26T22:36:23" hostname="Sriram-PC" time="0.005">
  <properties/>
  <testcase name="contextLoads" classname="edu.isu.coms.graphit.GraphItApplicationTests" time="0.005"/>
  <system-out><![CDATA[16:36:18.889 [Test worker] DEBUG o.s.t.c.j.SpringJUnit4ClassRunner - SpringJUnit4ClassRunner constructor called with [class edu.isu.coms.graphit.GraphItApplicationTests]
16:36:18.894 [Test worker] DEBUG o.s.test.context.BootstrapUtils - Instantiating CacheAwareContextLoaderDelegate from class [org.springframework.test.context.cache.DefaultCacheAwareContextLoaderDelegate]
16:36:18.909 [Test worker] DEBUG o.s.test.context.BootstrapUtils - Instantiating BootstrapContext using constructor [public org.springframework.test.context.support.DefaultBootstrapContext(java.lang.Class,org.springframework.test.context.CacheAwareContextLoaderDelegate)]
16:36:18.921 [Test worker] DEBUG o.s.test.context.BootstrapUtils - Instantiating TestContextBootstrapper for test class [edu.isu.coms.graphit.GraphItApplicationTests] from class [org.springframework.test.context.web.WebTestContextBootstrapper]
16:36:18.942 [Test worker] DEBUG o.s.t.c.w.WebTestContextBootstrapper - Found explicit ContextLoader class [org.springframework.boot.test.SpringApplicationContextLoader] for context configuration attributes [ContextConfigurationAttributes@4bc36130 declaringClass = 'edu.isu.coms.graphit.GraphItApplicationTests', classes = '{class edu.isu.coms.graphit.GraphItApplication}', locations = '{}', inheritLocations = true, initializers = '{}', inheritInitializers = true, name = [null], contextLoaderClass = 'org.springframework.boot.test.SpringApplicationContextLoader']
16:36:18.950 [Test worker] DEBUG o.s.t.c.s.AbstractContextLoader - Did not detect default resource location for test class [edu.isu.coms.graphit.GraphItApplicationTests]: class path resource [edu/isu/coms/graphit/GraphItApplicationTests-context.xml] does not exist
16:36:18.950 [Test worker] DEBUG o.s.t.c.s.AbstractContextLoader - Did not detect default resource location for test class [edu.isu.coms.graphit.GraphItApplicationTests]: class path resource [edu/isu/coms/graphit/GraphItApplicationTestsContext.groovy] does not exist
16:36:18.951 [Test worker] INFO  o.s.t.c.s.AbstractContextLoader - Could not detect default resource locations for test class [edu.isu.coms.graphit.GraphItApplicationTests]: no resource found for suffixes {-context.xml, Context.groovy}.
16:36:18.953 [Test worker] DEBUG o.s.t.c.support.ActiveProfilesUtils - Could not find an 'annotation declaring class' for annotation type [org.springframework.test.context.ActiveProfiles] and class [edu.isu.coms.graphit.GraphItApplicationTests]
16:36:18.957 [Test worker] DEBUG o.s.t.c.w.WebTestContextBootstrapper - @TestExecutionListeners is not present for class [edu.isu.coms.graphit.GraphItApplicationTests]: using defaults.
16:36:18.965 [Test worker] INFO  o.s.t.c.w.WebTestContextBootstrapper - Loaded default TestExecutionListener class names from location [META-INF/spring.factories]: [org.springframework.test.context.web.ServletTestExecutionListener, org.springframework.test.context.support.DirtiesContextBeforeModesTestExecutionListener, org.springframework.test.context.support.DependencyInjectionTestExecutionListener, org.springframework.test.context.support.DirtiesContextTestExecutionListener, org.springframework.test.context.transaction.TransactionalTestExecutionListener, org.springframework.test.context.jdbc.SqlScriptsTestExecutionListener]
16:36:18.984 [Test worker] INFO  o.s.t.c.w.WebTestContextBootstrapper - Using TestExecutionListeners: [org.springframework.test.context.web.ServletTestExecutionListener@4ea586bf, org.springframework.test.context.support.DirtiesContextBeforeModesTestExecutionListener@1d23e899, org.springframework.test.context.support.DependencyInjectionTestExecutionListener@494d4b3e, org.springframework.test.context.support.DirtiesContextTestExecutionListener@46289293, org.springframework.test.context.transaction.TransactionalTestExecutionListener@245a7497, org.springframework.test.context.jdbc.SqlScriptsTestExecutionListener@263f27a5]
16:36:18.987 [Test worker] DEBUG o.s.t.annotation.ProfileValueUtils - Retrieved @ProfileValueSourceConfiguration [null] for test class [edu.isu.coms.graphit.GraphItApplicationTests]
16:36:18.987 [Test worker] DEBUG o.s.t.annotation.ProfileValueUtils - Retrieved ProfileValueSource type [class org.springframework.test.annotation.SystemProfileValueSource] for class [edu.isu.coms.graphit.GraphItApplicationTests]
16:36:18.988 [Test worker] DEBUG o.s.t.annotation.ProfileValueUtils - Retrieved @ProfileValueSourceConfiguration [null] for test class [edu.isu.coms.graphit.GraphItApplicationTests]
16:36:18.988 [Test worker] DEBUG o.s.t.annotation.ProfileValueUtils - Retrieved ProfileValueSource type [class org.springframework.test.annotation.SystemProfileValueSource] for class [edu.isu.coms.graphit.GraphItApplicationTests]
16:36:18.991 [Test worker] DEBUG o.s.t.c.s.AbstractDirtiesContextTestExecutionListener - Before test class: context [DefaultTestContext@3fb4caaf testClass = GraphItApplicationTests, testInstance = [null], testMethod = [null], testException = [null], mergedContextConfiguration = [WebMergedContextConfiguration@428e623a testClass = GraphItApplicationTests, locations = '{}', classes = '{class edu.isu.coms.graphit.GraphItApplication}', contextInitializerClasses = '[]', activeProfiles = '{}', propertySourceLocations = '{}', propertySourceProperties = '{}', resourceBasePath = 'src/main/webapp', contextLoader = 'org.springframework.boot.test.SpringApplicationContextLoader', parent = [null]]], class annotated with @DirtiesContext [false] with mode [null].
16:36:18.992 [Test worker] DEBUG o.s.t.annotation.ProfileValueUtils - Retrieved @ProfileValueSourceConfiguration [null] for test class [edu.isu.coms.graphit.GraphItApplicationTests]
16:36:18.992 [Test worker] DEBUG o.s.t.annotation.ProfileValueUtils - Retrieved ProfileValueSource type [class org.springframework.test.annotation.SystemProfileValueSource] for class [edu.isu.coms.graphit.GraphItApplicationTests]
16:36:19.064 [Test worker] DEBUG o.s.core.env.StandardEnvironment - Adding [systemProperties] PropertySource with lowest search precedence
16:36:19.065 [Test worker] DEBUG o.s.core.env.StandardEnvironment - Adding [systemEnvironment] PropertySource with lowest search precedence
16:36:19.066 [Test worker] DEBUG o.s.core.env.StandardEnvironment - Initialized StandardEnvironment with PropertySources [systemProperties,systemEnvironment]
16:36:19.067 [Test worker] DEBUG o.s.core.env.StandardEnvironment - Adding [integrationTest] PropertySource with search precedence immediately lower than [systemEnvironment]

  .   ____          _            __ _ _
 /\\ / ___'_ __ _ _(_)_ __  __ _ \ \ \ \
( ( )\___ | '_ | '_| | '_ \/ _` | \ \ \ \
 \\/  ___)| |_)| | | | | || (_| |  ) ) ) )
  '  |____| .__|_| |_|_| |_\__, | / / / /
 =========|_|==============|___/=/_/_/_/
 :: Spring Boot ::        (v1.3.0.RELEASE)

2015-11-26 16:36:19.381  INFO 17284 --- [    Test worker] e.i.c.graphit.GraphItApplicationTests    : Starting GraphItApplicationTests on Sriram-PC with PID 17284 (C:\Users\Sriram\Desktop\Study\Databases\Project\graph-it\graph-it\build\classes\test started by Sriram in C:\Users\Sriram\Desktop\Study\Databases\Project\graph-it\graph-it)
2015-11-26 16:36:19.381  INFO 17284 --- [    Test worker] e.i.c.graphit.GraphItApplicationTests    : No profiles are active
2015-11-26 16:36:19.466  INFO 17284 --- [    Test worker] o.s.w.c.s.GenericWebApplicationContext   : Refreshing org.springframework.web.context.support.GenericWebApplicationContext@708fa14c: startup date [Thu Nov 26 16:36:19 CST 2015]; root of context hierarchy
2015-11-26 16:36:21.185  INFO 17284 --- [    Test worker] o.s.b.f.s.DefaultListableBeanFactory     : Overriding bean definition for bean 'beanNameViewResolver' with a different definition: replacing [Root bean: class [null]; scope=; abstract=false; lazyInit=false; autowireMode=3; dependencyCheck=0; autowireCandidate=true; primary=false; factoryBeanName=org.springframework.boot.autoconfigure.web.ErrorMvcAutoConfiguration$WhitelabelErrorViewConfiguration; factoryMethodName=beanNameViewResolver; initMethodName=null; destroyMethodName=(inferred); defined in class path resource [org/springframework/boot/autoconfigure/web/ErrorMvcAutoConfiguration$WhitelabelErrorViewConfiguration.class]] with [Root bean: class [null]; scope=; abstract=false; lazyInit=false; autowireMode=3; dependencyCheck=0; autowireCandidate=true; primary=false; factoryBeanName=org.springframework.boot.autoconfigure.web.WebMvcAutoConfiguration$WebMvcAutoConfigurationAdapter; factoryMethodName=beanNameViewResolver; initMethodName=null; destroyMethodName=(inferred); defined in class path resource [org/springframework/boot/autoconfigure/web/WebMvcAutoConfiguration$WebMvcAutoConfigurationAdapter.class]]
2015-11-26 16:36:21.617  INFO 17284 --- [    Test worker] f.a.AutowiredAnnotationBeanPostProcessor : JSR-330 'javax.inject.Inject' annotation found and supported for autowiring
2015-11-26 16:36:22.772  INFO 17284 --- [    Test worker] s.w.s.m.m.a.RequestMappingHandlerAdapter : Looking for @ControllerAdvice: org.springframework.web.context.support.GenericWebApplicationContext@708fa14c: startup date [Thu Nov 26 16:36:19 CST 2015]; root of context hierarchy
2015-11-26 16:36:22.839  INFO 17284 --- [    Test worker] s.w.s.m.m.a.RequestMappingHandlerMapping : Mapped "{[/error]}" onto public org.springframework.http.ResponseEntity<java.util.Map<java.lang.String, java.lang.Object>> org.springframework.boot.autoconfigure.web.BasicErrorController.error(javax.servlet.http.HttpServletRequest)
2015-11-26 16:36:22.840  INFO 17284 --- [    Test worker] s.w.s.m.m.a.RequestMappingHandlerMapping : Mapped "{[/error],produces=[text/html]}" onto public org.springframework.web.servlet.ModelAndView org.springframework.boot.autoconfigure.web.BasicErrorController.errorHtml(javax.servlet.http.HttpServletRequest)
2015-11-26 16:36:22.870  INFO 17284 --- [    Test worker] o.s.w.s.handler.SimpleUrlHandlerMapping  : Mapped URL path [/webjars/**] onto handler of type [class org.springframework.web.servlet.resource.ResourceHttpRequestHandler]
2015-11-26 16:36:22.871  INFO 17284 --- [    Test worker] o.s.w.s.handler.SimpleUrlHandlerMapping  : Mapped URL path [/**] onto handler of type [class org.springframework.web.servlet.resource.ResourceHttpRequestHandler]
2015-11-26 16:36:22.977  INFO 17284 --- [    Test worker] o.s.w.s.handler.SimpleUrlHandlerMapping  : Mapped URL path [/**/favicon.ico] onto handler of type [class org.springframework.web.servlet.resource.ResourceHttpRequestHandler]
2015-11-26 16:36:23.739  INFO 17284 --- [    Test worker] e.i.c.graphit.GraphItApplicationTests    : Started GraphItApplicationTests in 4.664 seconds (JVM running for 5.821)
]]></system-out>
  <system-err><![CDATA[]]></system-err>
</testsuite>
